<?xml version="1.0" encoding="UTF-8"?>
<!-- Generated by org.testng.reporters.JUnitReportReporter -->
<testsuite hostname="DESKTOP-UVL4BJN" failures="0" tests="1" name="testBase.BaseClass" time="5.132" errors="0" timestamp="06 Feb 2025 09:57:43 GMT" skipped="0">
  <testcase classname="testBase.BaseClass" name="setUp" time="5.132"/>
</testsuite> <!-- testBase.BaseClass -->
